2019-04-26 10:57:24.489  INFO 5016 --- [restartedMain] c.t.o.s.application.SimpleApplication    : Starting SimpleApplication on DESKTOP-UB9I8KK with PID 5016 (C:\workspace_oxygen\simple_project\application\target\classes started by ospace in C:\workspace_oxygen\simple_project\application)
2019-04-26 10:57:24.505  INFO 5016 --- [restartedMain] c.t.o.s.application.SimpleApplication    : The following profiles are active: dev
2019-04-26 10:57:24.598  INFO 5016 --- [restartedMain] .e.DevToolsPropertyDefaultsPostProcessor : Devtools property defaults active! Set 'spring.devtools.add-properties' to 'false' to disable
2019-04-26 10:57:24.598  INFO 5016 --- [restartedMain] .e.DevToolsPropertyDefaultsPostProcessor : For additional web related logging consider setting the 'logging.level.web' property to 'DEBUG'
2019-04-26 10:57:27.012  INFO 5016 --- [restartedMain] trationDelegate$BeanPostProcessorChecker : Bean 'org.springframework.ws.config.annotation.DelegatingWsConfiguration' of type [org.springframework.ws.config.annotation.DelegatingWsConfiguration$$EnhancerBySpringCGLIB$$375e111] is not eligible for getting processed by all BeanPostProcessors (for example: not eligible for auto-proxying)
2019-04-26 10:57:27.106  INFO 5016 --- [restartedMain] .w.s.a.s.AnnotationActionEndpointMapping : Supporting [WS-Addressing August 2004, WS-Addressing 1.0]
2019-04-26 10:57:28.149  INFO 5016 --- [restartedMain] o.s.b.w.embedded.tomcat.TomcatWebServer  : Tomcat initialized with port(s): 8000 (http)
2019-04-26 10:57:28.180  INFO 5016 --- [restartedMain] o.apache.catalina.core.StandardService   : Starting service [Tomcat]
2019-04-26 10:57:28.180  INFO 5016 --- [restartedMain] org.apache.catalina.core.StandardEngine  : Starting Servlet engine: [Apache Tomcat/9.0.16]
2019-04-26 10:57:28.211  INFO 5016 --- [restartedMain] o.a.catalina.core.AprLifecycleListener   : The APR based Apache Tomcat Native library which allows optimal performance in production environments was not found on the java.library.path: [C:\Program Files\Java\jdk1.8.0_152\jre\bin;C:\WINDOWS\Sun\Java\bin;C:\WINDOWS\system32;C:\WINDOWS;C:\Users\ospace\bin;C:\Program Files\Git\mingw64\bin;C:\Program Files\Git\usr\local\bin;C:\Program Files\Git\usr\bin;C:\Program Files\Git\usr\bin;C:\Program Files\Git\mingw64\bin;C:\Program Files\Git\usr\bin;C:\Users\ospace\bin;C:\Program Files (x86)\IntelSWTools\compilers_and_libraries_2018.5.274\windows\mpi\intel64\bin;C:\Program Files (x86)\IntelSWTools\compilers_and_libraries_2018.2.185\windows\mpi\intel64\bin;C:\Program Files (x86)\Common Files\Intel\Shared Libraries\redist\intel64_win\mpirt;C:\Program Files (x86)\Common Files\Intel\Shared Libraries\redist\ia32_win\mpirt;C:\Program Files (x86)\Common Files\Intel\Shared Libraries\redist\intel64_win\compiler;C:\Program Files (x86)\Common Files\Intel\Shared Libraries\redist\ia32_win\compiler;C:\ProgramData\Oracle\Java\javapath;C:\Program Files (x86)\Intel\iCLS Client;C:\Program Files\Intel\iCLS Client;C:\WINDOWS\system32;C:\WINDOWS;C:\WINDOWS\System32\Wbem;C:\WINDOWS\System32\WindowsPowerShell\v1.0;C:\Program Files (x86)\Intel\Intel(R) Management Engine Components\DAL;C:\Program Files\Intel\Intel(R) Management Engine Components\DAL;C:\Program Files (x86)\Intel\Intel(R) Management Engine Components\IPT;C:\Program Files\Intel\Intel(R) Management Engine Components\IPT;C:\Program Files (x86)\ATI Technologies\ATI.ACE\Core-Static;C:\Program Files\Git\cmd;C:\Program Files\LLVM\bin;C:\instantclient_12_1;C:\Program Files\TortoiseSVN\bin;C:\Tools\maven\bin;C:\Program Files\Intel\WiFi\bin;C:\Program Files\Common Files\Intel\WirelessCommon;C:\Program Files\nodejs;C:\WINDOWS\System32\OpenSSH;C:\Program Files\Microsoft VS Code\bin;C:\Program Files\dotnet;C:\Tools\cmake\bin;C:\Intel\computer_vision_sdk_2018.2.317\opencv\x64\vc14\bin;C:\Intel\computer_vision_sdk_2018.2.317\openvx\bin;C:\Intel\computer_vision_sdk_2018.2.317\deployment_tools\inference_engine\bin\intel64\Release;C:\Users\ospace\AppData\Local\Microsoft\WindowsApps;C:\Program Files\Docker Toolbox;C:\Program Files\Microsoft VS Code\bin;C:\Users\ospace\AppData\Roaming\npm;C:\Users\ospace\AppData\Local\Programs\Fiddler;C:\Users\ospace\AppData\Local\Microsoft\WindowsApps;C:\Users\ospace\AppData\Local\Programs\Microsoft VS Code\bin;C:\Program Files (x86)\Sophos\Sophos SSL VPN Client\bin;C:\Program Files\Git\usr\bin\vendor_perl;C:\Program Files\Git\usr\bin\core_perl;.]
2019-04-26 10:57:28.398  INFO 5016 --- [restartedMain] o.a.c.c.C.[Tomcat].[localhost].[/]       : Initializing Spring embedded WebApplicationContext
2019-04-26 10:57:28.398  INFO 5016 --- [restartedMain] o.s.web.context.ContextLoader            : Root WebApplicationContext: initialization completed in 3800 ms
2019-04-26 10:57:28.617  INFO 5016 --- [restartedMain] c.t.o.s.application.SimpleConfiguration  : ===== active profile : dev =====
2019-04-26 10:57:28.789  INFO 5016 --- [restartedMain] org.reflections.Reflections              : Reflections took 63 ms to scan 1 urls, producing 1 keys and 1 values 
2019-04-26 10:57:28.805  INFO 5016 --- [restartedMain] c.t.o.s.repository.SchemaManager         : schema registering : Object
2019-04-26 10:57:29.320  INFO 5016 --- [restartedMain] pertySourcedRequestMappingHandlerMapping : Mapped URL path [/v2/api-docs] onto method [public org.springframework.http.ResponseEntity<springfox.documentation.spring.web.json.Json> springfox.documentation.swagger2.web.Swagger2Controller.getDocumentation(java.lang.String,javax.servlet.http.HttpServletRequest)]
2019-04-26 10:57:29.508  INFO 5016 --- [restartedMain] o.s.b.d.a.OptionalLiveReloadServer       : LiveReload server is running on port 35729
2019-04-26 10:57:29.976  INFO 5016 --- [restartedMain] d.s.w.p.DocumentationPluginsBootstrapper : Context refreshed
2019-04-26 10:57:30.101  INFO 5016 --- [restartedMain] d.s.w.p.DocumentationPluginsBootstrapper : Found 1 custom documentation plugin(s)
2019-04-26 10:57:30.195  INFO 5016 --- [restartedMain] s.d.s.w.s.ApiListingReferenceScanner     : Scanning for api listing references
2019-04-26 10:57:30.320  INFO 5016 --- [restartedMain] o.s.b.w.embedded.tomcat.TomcatWebServer  : Tomcat started on port(s): 8000 (http) with context path ''
2019-04-26 10:57:30.335  INFO 5016 --- [restartedMain] c.t.o.s.application.SimpleApplication    : Started SimpleApplication in 6.58 seconds (JVM running for 7.357)
2019-04-26 11:07:38.615  INFO 5016 --- [Thread-5] c.t.o.s.repository.SchemaManager         : shutdown SchemaManager
2019-04-26 11:07:54.086  INFO 5016 --- [restartedMain] c.t.o.s.application.SimpleApplication    : Starting SimpleApplication on DESKTOP-UB9I8KK with PID 5016 (C:\workspace_oxygen\simple_project\application\target\classes started by ospace in C:\workspace_oxygen\simple_project\application)
2019-04-26 11:07:54.086  INFO 5016 --- [restartedMain] c.t.o.s.application.SimpleApplication    : The following profiles are active: dev
2019-04-26 11:07:56.489  INFO 5016 --- [restartedMain] trationDelegate$BeanPostProcessorChecker : Bean 'org.springframework.ws.config.annotation.DelegatingWsConfiguration' of type [org.springframework.ws.config.annotation.DelegatingWsConfiguration$$EnhancerBySpringCGLIB$$375e111] is not eligible for getting processed by all BeanPostProcessors (for example: not eligible for auto-proxying)
2019-04-26 11:07:56.496  INFO 5016 --- [restartedMain] .w.s.a.s.AnnotationActionEndpointMapping : Supporting [WS-Addressing August 2004, WS-Addressing 1.0]
2019-04-26 11:07:57.023  INFO 5016 --- [restartedMain] o.s.b.w.embedded.tomcat.TomcatWebServer  : Tomcat initialized with port(s): 8000 (http)
2019-04-26 11:07:57.024  INFO 5016 --- [restartedMain] o.apache.catalina.core.StandardService   : Starting service [Tomcat]
2019-04-26 11:07:57.025  INFO 5016 --- [restartedMain] org.apache.catalina.core.StandardEngine  : Starting Servlet engine: [Apache Tomcat/9.0.16]
2019-04-26 11:07:57.065  INFO 5016 --- [restartedMain] o.a.c.c.C.[Tomcat-1].[localhost].[/]     : Initializing Spring embedded WebApplicationContext
2019-04-26 11:07:57.065  INFO 5016 --- [restartedMain] o.s.web.context.ContextLoader            : Root WebApplicationContext: initialization completed in 2954 ms
2019-04-26 11:07:57.107  INFO 5016 --- [restartedMain] c.t.o.s.application.SimpleConfiguration  : ===== active profile : dev =====
2019-04-26 11:07:57.267  INFO 5016 --- [restartedMain] org.reflections.Reflections              : Reflections took 21 ms to scan 1 urls, producing 1 keys and 1 values 
2019-04-26 11:07:57.273  INFO 5016 --- [restartedMain] c.t.o.s.repository.SchemaManager         : schema registering : Object
2019-04-26 11:07:57.724  INFO 5016 --- [restartedMain] pertySourcedRequestMappingHandlerMapping : Mapped URL path [/v2/api-docs] onto method [public org.springframework.http.ResponseEntity<springfox.documentation.spring.web.json.Json> springfox.documentation.swagger2.web.Swagger2Controller.getDocumentation(java.lang.String,javax.servlet.http.HttpServletRequest)]
2019-04-26 11:07:57.851  INFO 5016 --- [restartedMain] o.s.b.d.a.OptionalLiveReloadServer       : LiveReload server is running on port 35729
2019-04-26 11:07:58.188  INFO 5016 --- [restartedMain] d.s.w.p.DocumentationPluginsBootstrapper : Context refreshed
2019-04-26 11:07:58.190  INFO 5016 --- [restartedMain] d.s.w.p.DocumentationPluginsBootstrapper : Found 1 custom documentation plugin(s)
2019-04-26 11:07:58.207  INFO 5016 --- [restartedMain] s.d.s.w.s.ApiListingReferenceScanner     : Scanning for api listing references
2019-04-26 11:07:58.276  INFO 5016 --- [restartedMain] o.s.b.w.embedded.tomcat.TomcatWebServer  : Tomcat started on port(s): 8000 (http) with context path ''
2019-04-26 11:07:58.277  INFO 5016 --- [restartedMain] c.t.o.s.application.SimpleApplication    : Started SimpleApplication in 4.289 seconds (JVM running for 635.293)
2019-04-26 11:07:58.280  INFO 5016 --- [restartedMain] .ConditionEvaluationDeltaLoggingListener : Condition evaluation unchanged
2019-04-26 11:10:20.025  INFO 5016 --- [Thread-10] c.t.o.s.repository.SchemaManager         : shutdown SchemaManager
2019-04-26 11:10:20.768  INFO 5016 --- [restartedMain] c.t.o.s.application.SimpleApplication    : Starting SimpleApplication on DESKTOP-UB9I8KK with PID 5016 (C:\workspace_oxygen\simple_project\application\target\classes started by ospace in C:\workspace_oxygen\simple_project\application)
2019-04-26 11:10:20.768  INFO 5016 --- [restartedMain] c.t.o.s.application.SimpleApplication    : The following profiles are active: dev
2019-04-26 11:10:21.960  INFO 5016 --- [restartedMain] trationDelegate$BeanPostProcessorChecker : Bean 'org.springframework.ws.config.annotation.DelegatingWsConfiguration' of type [org.springframework.ws.config.annotation.DelegatingWsConfiguration$$EnhancerBySpringCGLIB$$375e111] is not eligible for getting processed by all BeanPostProcessors (for example: not eligible for auto-proxying)
2019-04-26 11:10:21.966  INFO 5016 --- [restartedMain] .w.s.a.s.AnnotationActionEndpointMapping : Supporting [WS-Addressing August 2004, WS-Addressing 1.0]
2019-04-26 11:10:22.232  INFO 5016 --- [restartedMain] o.s.b.w.embedded.tomcat.TomcatWebServer  : Tomcat initialized with port(s): 8000 (http)
2019-04-26 11:10:22.235  INFO 5016 --- [restartedMain] o.apache.catalina.core.StandardService   : Starting service [Tomcat]
2019-04-26 11:10:22.235  INFO 5016 --- [restartedMain] org.apache.catalina.core.StandardEngine  : Starting Servlet engine: [Apache Tomcat/9.0.16]
2019-04-26 11:10:22.275  INFO 5016 --- [restartedMain] o.a.c.c.C.[Tomcat-1].[localhost].[/]     : Initializing Spring embedded WebApplicationContext
2019-04-26 11:10:22.279  INFO 5016 --- [restartedMain] o.s.web.context.ContextLoader            : Root WebApplicationContext: initialization completed in 1505 ms
2019-04-26 11:10:22.315  INFO 5016 --- [restartedMain] c.t.o.s.application.SimpleConfiguration  : ===== active profile : dev =====
2019-04-26 11:10:22.373  INFO 5016 --- [restartedMain] org.reflections.Reflections              : Reflections took 19 ms to scan 1 urls, producing 1 keys and 1 values 
2019-04-26 11:10:22.379  INFO 5016 --- [restartedMain] c.t.o.s.repository.SchemaManager         : schema registering : Object
2019-04-26 11:10:22.788  INFO 5016 --- [restartedMain] pertySourcedRequestMappingHandlerMapping : Mapped URL path [/v2/api-docs] onto method [public org.springframework.http.ResponseEntity<springfox.documentation.spring.web.json.Json> springfox.documentation.swagger2.web.Swagger2Controller.getDocumentation(java.lang.String,javax.servlet.http.HttpServletRequest)]
2019-04-26 11:10:22.874  INFO 5016 --- [restartedMain] o.s.b.d.a.OptionalLiveReloadServer       : LiveReload server is running on port 35729
2019-04-26 11:10:23.109  INFO 5016 --- [restartedMain] d.s.w.p.DocumentationPluginsBootstrapper : Context refreshed
2019-04-26 11:10:23.111  INFO 5016 --- [restartedMain] d.s.w.p.DocumentationPluginsBootstrapper : Found 1 custom documentation plugin(s)
2019-04-26 11:10:23.120  INFO 5016 --- [restartedMain] s.d.s.w.s.ApiListingReferenceScanner     : Scanning for api listing references
2019-04-26 11:10:23.132  INFO 5016 --- [restartedMain] o.s.b.w.embedded.tomcat.TomcatWebServer  : Tomcat started on port(s): 8000 (http) with context path ''
2019-04-26 11:10:23.133  INFO 5016 --- [restartedMain] c.t.o.s.application.SimpleApplication    : Started SimpleApplication in 2.41 seconds (JVM running for 780.149)
2019-04-26 11:10:23.135  INFO 5016 --- [restartedMain] .ConditionEvaluationDeltaLoggingListener : Condition evaluation unchanged
2019-04-26 11:10:35.510  INFO 5016 --- [http-nio-8000-exec-10] o.a.c.c.C.[Tomcat-1].[localhost].[/]     : Initializing Spring DispatcherServlet 'dispatcherServlet'
2019-04-26 11:10:35.511  INFO 5016 --- [http-nio-8000-exec-10] o.s.web.servlet.DispatcherServlet        : Initializing Servlet 'dispatcherServlet'
2019-04-26 11:10:35.523  INFO 5016 --- [http-nio-8000-exec-10] o.s.web.servlet.DispatcherServlet        : Completed initialization in 11 ms
2019-04-26 11:11:24.266  INFO 5016 --- [Thread-19] c.t.o.s.repository.SchemaManager         : shutdown SchemaManager
